[2019-01-14 10:16:43] production.ERROR: No connection could be made because the target machine actively refused it. [tcp://127.0.0.1:6379] {"exception":"[object] (Predis\\Connection\\ConnectionException(code: 10061): No connection could be made because the target machine actively refused it. [tcp://127.0.0.1:6379] at C:\\Users\\MERSIE\\LaravelProjects\\jumeni2.0\\vendor\\predis\\predis\\src\\Connection\\AbstractConnection.php:155)
[stacktrace]
#0 C:\\Users\\MERSIE\\LaravelProjects\\jumeni2.0\\vendor\\predis\\predis\\src\\Connection\\StreamConnection.php(128): Predis\\Connection\\AbstractConnection->onConnectionError('No connection c...', 10061)
#1 C:\\Users\\MERSIE\\LaravelProjects\\jumeni2.0\\vendor\\predis\\predis\\src\\Connection\\StreamConnection.php(178): Predis\\Connection\\StreamConnection->createStreamSocket(Object(Predis\\Connection\\Parameters), 'tcp://127.0.0.1...', 4)
#2 C:\\Users\\MERSIE\\LaravelProjects\\jumeni2.0\\vendor\\predis\\predis\\src\\Connection\\StreamConnection.php(100): Predis\\Connection\\StreamConnection->tcpStreamInitializer(Object(Predis\\Connection\\Parameters))
#3 C:\\Users\\MERSIE\\LaravelProjects\\jumeni2.0\\vendor\\predis\\predis\\src\\Connection\\AbstractConnection.php(81): Predis\\Connection\\StreamConnection->createResource()
#4 C:\\Users\\MERSIE\\LaravelProjects\\jumeni2.0\\vendor\\predis\\predis\\src\\Connection\\StreamConnection.php(258): Predis\\Connection\\AbstractConnection->connect()
#5 C:\\Users\\MERSIE\\LaravelProjects\\jumeni2.0\\vendor\\predis\\predis\\src\\Connection\\AbstractConnection.php(180): Predis\\Connection\\StreamConnection->connect()
#6 C:\\Users\\MERSIE\\LaravelProjects\\jumeni2.0\\vendor\\predis\\predis\\src\\Connection\\StreamConnection.php(288): Predis\\Connection\\AbstractConnection->getResource()
#7 C:\\Users\\MERSIE\\LaravelProjects\\jumeni2.0\\vendor\\predis\\predis\\src\\Connection\\StreamConnection.php(394): Predis\\Connection\\StreamConnection->write('*2\\
$3\\
GET\\
$3...')
#8 C:\\Users\\MERSIE\\LaravelProjects\\jumeni2.0\\vendor\\predis\\predis\\src\\Connection\\AbstractConnection.php(110): Predis\\Connection\\StreamConnection->writeRequest(Object(Predis\\Command\\StringGet))
#9 C:\\Users\\MERSIE\\LaravelProjects\\jumeni2.0\\vendor\\predis\\predis\\src\\Client.php(331): Predis\\Connection\\AbstractConnection->executeCommand(Object(Predis\\Command\\StringGet))
#10 C:\\Users\\MERSIE\\LaravelProjects\\jumeni2.0\\vendor\\predis\\predis\\src\\Client.php(314): Predis\\Client->executeCommand(Object(Predis\\Command\\StringGet))
#11 C:\\Users\\MERSIE\\LaravelProjects\\jumeni2.0\\vendor\\laravel\\framework\\src\\Illuminate\\Redis\\Connections\\Connection.php(114): Predis\\Client->__call('get', Array)
#12 C:\\Users\\MERSIE\\LaravelProjects\\jumeni2.0\\vendor\\laravel\\framework\\src\\Illuminate\\Redis\\Connections\\Connection.php(214): Illuminate\\Redis\\Connections\\Connection->command('get', Array)
#13 C:\\Users\\MERSIE\\LaravelProjects\\jumeni2.0\\vendor\\laravel\\framework\\src\\Illuminate\\Cache\\RedisStore.php(54): Illuminate\\Redis\\Connections\\Connection->__call('get', Array)
#14 C:\\Users\\MERSIE\\LaravelProjects\\jumeni2.0\\vendor\\laravel\\framework\\src\\Illuminate\\Cache\\Repository.php(86): Illuminate\\Cache\\RedisStore->get('telescope:dump-...')
#15 C:\\Users\\MERSIE\\LaravelProjects\\jumeni2.0\\vendor\\laravel\\framework\\src\\Illuminate\\Cache\\CacheManager.php(323): Illuminate\\Cache\\Repository->get('telescope:dump-...')
#16 C:\\Users\\MERSIE\\LaravelProjects\\jumeni2.0\\vendor\\laravel\\telescope\\src\\Watchers\\DumpWatcher.php(43): Illuminate\\Cache\\CacheManager->__call('get', Array)
#17 C:\\Users\\MERSIE\\LaravelProjects\\jumeni2.0\\vendor\\laravel\\telescope\\src\\RegistersWatchers.php(48): Laravel\\Telescope\\Watchers\\DumpWatcher->register(Object(Illuminate\\Foundation\\Application))
#18 C:\\Users\\MERSIE\\LaravelProjects\\jumeni2.0\\vendor\\laravel\\telescope\\src\\Telescope.php(94): Laravel\\Telescope\\Telescope::registerWatchers(Object(Illuminate\\Foundation\\Application))
#19 C:\\Users\\MERSIE\\LaravelProjects\\jumeni2.0\\vendor\\laravel\\telescope\\src\\TelescopeServiceProvider.php(27): Laravel\\Telescope\\Telescope::start(Object(Illuminate\\Foundation\\Application))
#20 [internal function]: Laravel\\Telescope\\TelescopeServiceProvider->boot()
#21 C:\\Users\\MERSIE\\LaravelProjects\\jumeni2.0\\vendor\\laravel\\framework\\src\\Illuminate\\Container\\BoundMethod.php(29): call_user_func_array(Array, Array)
#22 C:\\Users\\MERSIE\\LaravelProjects\\jumeni2.0\\vendor\\laravel\\framework\\src\\Illuminate\\Container\\BoundMethod.php(87): Illuminate\\Container\\BoundMethod::Illuminate\\Container\\{closure}()
#23 C:\\Users\\MERSIE\\LaravelProjects\\jumeni2.0\\vendor\\laravel\\framework\\src\\Illuminate\\Container\\BoundMethod.php(31): Illuminate\\Container\\BoundMethod::callBoundMethod(Object(Illuminate\\Foundation\\Application), Array, Object(Closure))
#24 C:\\Users\\MERSIE\\LaravelProjects\\jumeni2.0\\vendor\\laravel\\framework\\src\\Illuminate\\Container\\Container.php(572): Illuminate\\Container\\BoundMethod::call(Object(Illuminate\\Foundation\\Application), Array, Array, NULL)
#25 C:\\Users\\MERSIE\\LaravelProjects\\jumeni2.0\\vendor\\laravel\\framework\\src\\Illuminate\\Foundation\\Application.php(793): Illuminate\\Container\\Container->call(Array)
#26 C:\\Users\\MERSIE\\LaravelProjects\\jumeni2.0\\vendor\\laravel\\framework\\src\\Illuminate\\Foundation\\Application.php(776): Illuminate\\Foundation\\Application->bootProvider(Object(Laravel\\Telescope\\TelescopeServiceProvider))
#27 [internal function]: Illuminate\\Foundation\\Application->Illuminate\\Foundation\\{closure}(Object(Laravel\\Telescope\\TelescopeServiceProvider), 22)
#28 C:\\Users\\MERSIE\\LaravelProjects\\jumeni2.0\\vendor\\laravel\\framework\\src\\Illuminate\\Foundation\\Application.php(777): array_walk(Array, Object(Closure))
#29 C:\\Users\\MERSIE\\LaravelProjects\\jumeni2.0\\vendor\\laravel\\framework\\src\\Illuminate\\Foundation\\Bootstrap\\BootProviders.php(17): Illuminate\\Foundation\\Application->boot()
#30 C:\\Users\\MERSIE\\LaravelProjects\\jumeni2.0\\vendor\\laravel\\framework\\src\\Illuminate\\Foundation\\Application.php(206): Illuminate\\Foundation\\Bootstrap\\BootProviders->bootstrap(Object(Illuminate\\Foundation\\Application))
#31 C:\\Users\\MERSIE\\LaravelProjects\\jumeni2.0\\vendor\\laravel\\framework\\src\\Illuminate\\Foundation\\Console\\Kernel.php(297): Illuminate\\Foundation\\Application->bootstrapWith(Array)
#32 C:\\Users\\MERSIE\\LaravelProjects\\jumeni2.0\\vendor\\laravel\\framework\\src\\Illuminate\\Foundation\\Console\\Kernel.php(120): Illuminate\\Foundation\\Console\\Kernel->bootstrap()
#33 C:\\Users\\MERSIE\\LaravelProjects\\jumeni2.0\\artisan(37): Illuminate\\Foundation\\Console\\Kernel->handle(Object(Symfony\\Component\\Console\\Input\\ArgvInput), Object(Symfony\\Component\\Console\\Output\\ConsoleOutput))
#34 {main}
"} 
[2019-01-14 10:22:12] production.ERROR: No connection could be made because the target machine actively refused it. [tcp://127.0.0.1:6379] {"exception":"[object] (Predis\\Connection\\ConnectionException(code: 10061): No connection could be made because the target machine actively refused it. [tcp://127.0.0.1:6379] at C:\\Users\\MERSIE\\LaravelProjects\\jumeni2.0\\vendor\\predis\\predis\\src\\Connection\\AbstractConnection.php:155)
[stacktrace]
#0 C:\\Users\\MERSIE\\LaravelProjects\\jumeni2.0\\vendor\\predis\\predis\\src\\Connection\\StreamConnection.php(128): Predis\\Connection\\AbstractConnection->onConnectionError('No connection c...', 10061)
#1 C:\\Users\\MERSIE\\LaravelProjects\\jumeni2.0\\vendor\\predis\\predis\\src\\Connection\\StreamConnection.php(178): Predis\\Connection\\StreamConnection->createStreamSocket(Object(Predis\\Connection\\Parameters), 'tcp://127.0.0.1...', 4)
#2 C:\\Users\\MERSIE\\LaravelProjects\\jumeni2.0\\vendor\\predis\\predis\\src\\Connection\\StreamConnection.php(100): Predis\\Connection\\StreamConnection->tcpStreamInitializer(Object(Predis\\Connection\\Parameters))
#3 C:\\Users\\MERSIE\\LaravelProjects\\jumeni2.0\\vendor\\predis\\predis\\src\\Connection\\AbstractConnection.php(81): Predis\\Connection\\StreamConnection->createResource()
#4 C:\\Users\\MERSIE\\LaravelProjects\\jumeni2.0\\vendor\\predis\\predis\\src\\Connection\\StreamConnection.php(258): Predis\\Connection\\AbstractConnection->connect()
#5 C:\\Users\\MERSIE\\LaravelProjects\\jumeni2.0\\vendor\\predis\\predis\\src\\Connection\\AbstractConnection.php(180): Predis\\Connection\\StreamConnection->connect()
#6 C:\\Users\\MERSIE\\LaravelProjects\\jumeni2.0\\vendor\\predis\\predis\\src\\Connection\\StreamConnection.php(288): Predis\\Connection\\AbstractConnection->getResource()
#7 C:\\Users\\MERSIE\\LaravelProjects\\jumeni2.0\\vendor\\predis\\predis\\src\\Connection\\StreamConnection.php(394): Predis\\Connection\\StreamConnection->write('*2\\
$3\\
GET\\
$3...')
#8 C:\\Users\\MERSIE\\LaravelProjects\\jumeni2.0\\vendor\\predis\\predis\\src\\Connection\\AbstractConnection.php(110): Predis\\Connection\\StreamConnection->writeRequest(Object(Predis\\Command\\StringGet))
#9 C:\\Users\\MERSIE\\LaravelProjects\\jumeni2.0\\vendor\\predis\\predis\\src\\Client.php(331): Predis\\Connection\\AbstractConnection->executeCommand(Object(Predis\\Command\\StringGet))
#10 C:\\Users\\MERSIE\\LaravelProjects\\jumeni2.0\\vendor\\predis\\predis\\src\\Client.php(314): Predis\\Client->executeCommand(Object(Predis\\Command\\StringGet))
#11 C:\\Users\\MERSIE\\LaravelProjects\\jumeni2.0\\vendor\\laravel\\framework\\src\\Illuminate\\Redis\\Connections\\Connection.php(114): Predis\\Client->__call('get', Array)
#12 C:\\Users\\MERSIE\\LaravelProjects\\jumeni2.0\\vendor\\laravel\\framework\\src\\Illuminate\\Redis\\Connections\\Connection.php(214): Illuminate\\Redis\\Connections\\Connection->command('get', Array)
#13 C:\\Users\\MERSIE\\LaravelProjects\\jumeni2.0\\vendor\\laravel\\framework\\src\\Illuminate\\Cache\\RedisStore.php(54): Illuminate\\Redis\\Connections\\Connection->__call('get', Array)
#14 C:\\Users\\MERSIE\\LaravelProjects\\jumeni2.0\\vendor\\laravel\\framework\\src\\Illuminate\\Cache\\Repository.php(86): Illuminate\\Cache\\RedisStore->get('telescope:dump-...')
#15 C:\\Users\\MERSIE\\LaravelProjects\\jumeni2.0\\vendor\\laravel\\framework\\src\\Illuminate\\Cache\\CacheManager.php(323): Illuminate\\Cache\\Repository->get('telescope:dump-...')
#16 C:\\Users\\MERSIE\\LaravelProjects\\jumeni2.0\\vendor\\laravel\\telescope\\src\\Watchers\\DumpWatcher.php(43): Illuminate\\Cache\\CacheManager->__call('get', Array)
#17 C:\\Users\\MERSIE\\LaravelProjects\\jumeni2.0\\vendor\\laravel\\telescope\\src\\RegistersWatchers.php(48): Laravel\\Telescope\\Watchers\\DumpWatcher->register(Object(Illuminate\\Foundation\\Application))
#18 C:\\Users\\MERSIE\\LaravelProjects\\jumeni2.0\\vendor\\laravel\\telescope\\src\\Telescope.php(94): Laravel\\Telescope\\Telescope::registerWatchers(Object(Illuminate\\Foundation\\Application))
#19 C:\\Users\\MERSIE\\LaravelProjects\\jumeni2.0\\vendor\\laravel\\telescope\\src\\TelescopeServiceProvider.php(27): Laravel\\Telescope\\Telescope::start(Object(Illuminate\\Foundation\\Application))
#20 [internal function]: Laravel\\Telescope\\TelescopeServiceProvider->boot()
#21 C:\\Users\\MERSIE\\LaravelProjects\\jumeni2.0\\vendor\\laravel\\framework\\src\\Illuminate\\Container\\BoundMethod.php(29): call_user_func_array(Array, Array)
#22 C:\\Users\\MERSIE\\LaravelProjects\\jumeni2.0\\vendor\\laravel\\framework\\src\\Illuminate\\Container\\BoundMethod.php(87): Illuminate\\Container\\BoundMethod::Illuminate\\Container\\{closure}()
#23 C:\\Users\\MERSIE\\LaravelProjects\\jumeni2.0\\vendor\\laravel\\framework\\src\\Illuminate\\Container\\BoundMethod.php(31): Illuminate\\Container\\BoundMethod::callBoundMethod(Object(Illuminate\\Foundation\\Application), Array, Object(Closure))
#24 C:\\Users\\MERSIE\\LaravelProjects\\jumeni2.0\\vendor\\laravel\\framework\\src\\Illuminate\\Container\\Container.php(572): Illuminate\\Container\\BoundMethod::call(Object(Illuminate\\Foundation\\Application), Array, Array, NULL)
#25 C:\\Users\\MERSIE\\LaravelProjects\\jumeni2.0\\vendor\\laravel\\framework\\src\\Illuminate\\Foundation\\Application.php(793): Illuminate\\Container\\Container->call(Array)
#26 C:\\Users\\MERSIE\\LaravelProjects\\jumeni2.0\\vendor\\laravel\\framework\\src\\Illuminate\\Foundation\\Application.php(776): Illuminate\\Foundation\\Application->bootProvider(Object(Laravel\\Telescope\\TelescopeServiceProvider))
#27 [internal function]: Illuminate\\Foundation\\Application->Illuminate\\Foundation\\{closure}(Object(Laravel\\Telescope\\TelescopeServiceProvider), 22)
#28 C:\\Users\\MERSIE\\LaravelProjects\\jumeni2.0\\vendor\\laravel\\framework\\src\\Illuminate\\Foundation\\Application.php(777): array_walk(Array, Object(Closure))
#29 C:\\Users\\MERSIE\\LaravelProjects\\jumeni2.0\\vendor\\laravel\\framework\\src\\Illuminate\\Foundation\\Bootstrap\\BootProviders.php(17): Illuminate\\Foundation\\Application->boot()
#30 C:\\Users\\MERSIE\\LaravelProjects\\jumeni2.0\\vendor\\laravel\\framework\\src\\Illuminate\\Foundation\\Application.php(206): Illuminate\\Foundation\\Bootstrap\\BootProviders->bootstrap(Object(Illuminate\\Foundation\\Application))
#31 C:\\Users\\MERSIE\\LaravelProjects\\jumeni2.0\\vendor\\laravel\\framework\\src\\Illuminate\\Foundation\\Console\\Kernel.php(297): Illuminate\\Foundation\\Application->bootstrapWith(Array)
#32 C:\\Users\\MERSIE\\LaravelProjects\\jumeni2.0\\vendor\\laravel\\framework\\src\\Illuminate\\Foundation\\Console\\Kernel.php(120): Illuminate\\Foundation\\Console\\Kernel->bootstrap()
#33 C:\\Users\\MERSIE\\LaravelProjects\\jumeni2.0\\artisan(37): Illuminate\\Foundation\\Console\\Kernel->handle(Object(Symfony\\Component\\Console\\Input\\ArgvInput), Object(Symfony\\Component\\Console\\Output\\ConsoleOutput))
#34 {main}
"} 
[2019-01-14 10:44:55] local.ERROR: Database (C:\Users\MERSIE\LaravelProjects\jumeni2.0\database\database.sqlite) does not exist. (SQL: insert into "telescope_entries" ("batch_id", "content", "created_at", "type", "uuid") values (8cbdac6c-da50-4e30-9f32-37d345221b12, {"command":"make:job","exit_code":0,"arguments":{"command":"make:job","name":"Payment\\MobileMoneyTransfer"},"options":{"sync":false,"help":false,"quiet":false,"verbose":false,"version":false,"ansi":false,"no-ansi":false,"no-interaction":false,"env":null},"output":"","hostname":"DESKTOP-D6L0K02"}, 2019-01-14 10:44:55, command, 8cbdac6c-d24c-4748-9b46-1fba81fa4958)) {"exception":"[object] (Illuminate\\Database\\QueryException(code: 0): Database (C:\\Users\\MERSIE\\LaravelProjects\\jumeni2.0\\database\\database.sqlite) does not exist. (SQL: insert into \"telescope_entries\" (\"batch_id\", \"content\", \"created_at\", \"type\", \"uuid\") values (8cbdac6c-da50-4e30-9f32-37d345221b12, {\"command\":\"make:job\",\"exit_code\":0,\"arguments\":{\"command\":\"make:job\",\"name\":\"Payment\\\\MobileMoneyTransfer\"},\"options\":{\"sync\":false,\"help\":false,\"quiet\":false,\"verbose\":false,\"version\":false,\"ansi\":false,\"no-ansi\":false,\"no-interaction\":false,\"env\":null},\"output\":\"\",\"hostname\":\"DESKTOP-D6L0K02\"}, 2019-01-14 10:44:55, command, 8cbdac6c-d24c-4748-9b46-1fba81fa4958)) at C:\\Users\\MERSIE\\LaravelProjects\\jumeni2.0\\vendor\\laravel\\framework\\src\\Illuminate\\Database\\Connection.php:664, InvalidArgumentException(code: 0): Database (C:\\Users\\MERSIE\\LaravelProjects\\jumeni2.0\\database\\database.sqlite) does not exist. at C:\\Users\\MERSIE\\LaravelProjects\\jumeni2.0\\vendor\\laravel\\framework\\src\\Illuminate\\Database\\Connectors\\SQLiteConnector.php:34)
[stacktrace]
#0 C:\\Users\\MERSIE\\LaravelProjects\\jumeni2.0\\vendor\\laravel\\framework\\src\\Illuminate\\Database\\Connection.php(624): Illuminate\\Database\\Connection->runQueryCallback('insert into \"te...', Array, Object(Closure))
#1 C:\\Users\\MERSIE\\LaravelProjects\\jumeni2.0\\vendor\\laravel\\framework\\src\\Illuminate\\Database\\Connection.php(459): Illuminate\\Database\\Connection->run('insert into \"te...', Array, Object(Closure))
#2 C:\\Users\\MERSIE\\LaravelProjects\\jumeni2.0\\vendor\\laravel\\framework\\src\\Illuminate\\Database\\Connection.php(411): Illuminate\\Database\\Connection->statement('insert into \"te...', Array)
#3 C:\\Users\\MERSIE\\LaravelProjects\\jumeni2.0\\vendor\\laravel\\framework\\src\\Illuminate\\Database\\Query\\Builder.php(2541): Illuminate\\Database\\Connection->insert('insert into \"te...', Array)
#4 C:\\Users\\MERSIE\\LaravelProjects\\jumeni2.0\\vendor\\laravel\\telescope\\src\\Storage\\DatabaseEntriesRepository.php(116): Illuminate\\Database\\Query\\Builder->insert(Array)
#5 C:\\Users\\MERSIE\\LaravelProjects\\jumeni2.0\\vendor\\laravel\\telescope\\src\\Telescope.php(453): Laravel\\Telescope\\Storage\\DatabaseEntriesRepository->store(Object(Illuminate\\Support\\Collection))
#6 C:\\Users\\MERSIE\\LaravelProjects\\jumeni2.0\\vendor\\laravel\\telescope\\src\\ListensForStorageOpportunities.php(45): Laravel\\Telescope\\Telescope::store(Object(Laravel\\Telescope\\Storage\\DatabaseEntriesRepository))
#7 [internal function]: Laravel\\Telescope\\Telescope::Laravel\\Telescope\\{closure}()
#8 C:\\Users\\MERSIE\\LaravelProjects\\jumeni2.0\\vendor\\laravel\\framework\\src\\Illuminate\\Container\\BoundMethod.php(29): call_user_func_array(Object(Closure), Array)
#9 C:\\Users\\MERSIE\\LaravelProjects\\jumeni2.0\\vendor\\laravel\\framework\\src\\Illuminate\\Container\\BoundMethod.php(75): Illuminate\\Container\\BoundMethod::Illuminate\\Container\\{closure}()
#10 C:\\Users\\MERSIE\\LaravelProjects\\jumeni2.0\\vendor\\laravel\\framework\\src\\Illuminate\\Container\\BoundMethod.php(31): Illuminate\\Container\\BoundMethod::callBoundMethod(Object(Illuminate\\Foundation\\Application), Object(Closure), Object(Closure))
#11 C:\\Users\\MERSIE\\LaravelProjects\\jumeni2.0\\vendor\\laravel\\framework\\src\\Illuminate\\Container\\Container.php(572): Illuminate\\Container\\BoundMethod::call(Object(Illuminate\\Foundation\\Application), Object(Closure), Array, NULL)
#12 C:\\Users\\MERSIE\\LaravelProjects\\jumeni2.0\\vendor\\laravel\\framework\\src\\Illuminate\\Foundation\\Application.php(965): Illuminate\\Container\\Container->call(Object(Closure))
#13 C:\\Users\\MERSIE\\LaravelProjects\\jumeni2.0\\vendor\\laravel\\framework\\src\\Illuminate\\Foundation\\Console\\Kernel.php(149): Illuminate\\Foundation\\Application->terminate()
#14 C:\\Users\\MERSIE\\LaravelProjects\\jumeni2.0\\artisan(51): Illuminate\\Foundation\\Console\\Kernel->terminate(Object(Symfony\\Component\\Console\\Input\\ArgvInput), 0)
#15 {main}
"} 
[2019-01-14 10:54:33] local.ERROR: Database (C:\Users\MERSIE\LaravelProjects\jumeni2.0\database\database.sqlite) does not exist. (SQL: insert into "telescope_entries" ("batch_id", "content", "created_at", "type", "uuid") values (8cbdafdf-a011-45f4-a7bb-fa36da9063cc, {"command":"package:discover","exit_code":0,"arguments":{"command":"package:discover"},"options":{"help":false,"quiet":false,"verbose":false,"version":false,"ansi":true,"no-ansi":false,"no-interaction":false,"env":null},"output":"","hostname":"DESKTOP-D6L0K02"}, 2019-01-14 10:54:33, command, 8cbdafdf-984d-48f1-ae4c-5fb4616e6757)) {"exception":"[object] (Illuminate\\Database\\QueryException(code: 0): Database (C:\\Users\\MERSIE\\LaravelProjects\\jumeni2.0\\database\\database.sqlite) does not exist. (SQL: insert into \"telescope_entries\" (\"batch_id\", \"content\", \"created_at\", \"type\", \"uuid\") values (8cbdafdf-a011-45f4-a7bb-fa36da9063cc, {\"command\":\"package:discover\",\"exit_code\":0,\"arguments\":{\"command\":\"package:discover\"},\"options\":{\"help\":false,\"quiet\":false,\"verbose\":false,\"version\":false,\"ansi\":true,\"no-ansi\":false,\"no-interaction\":false,\"env\":null},\"output\":\"\",\"hostname\":\"DESKTOP-D6L0K02\"}, 2019-01-14 10:54:33, command, 8cbdafdf-984d-48f1-ae4c-5fb4616e6757)) at C:\\Users\\MERSIE\\LaravelProjects\\jumeni2.0\\vendor\\laravel\\framework\\src\\Illuminate\\Database\\Connection.php:664, InvalidArgumentException(code: 0): Database (C:\\Users\\MERSIE\\LaravelProjects\\jumeni2.0\\database\\database.sqlite) does not exist. at C:\\Users\\MERSIE\\LaravelProjects\\jumeni2.0\\vendor\\laravel\\framework\\src\\Illuminate\\Database\\Connectors\\SQLiteConnector.php:34)
[stacktrace]
#0 C:\\Users\\MERSIE\\LaravelProjects\\jumeni2.0\\vendor\\laravel\\framework\\src\\Illuminate\\Database\\Connection.php(624): Illuminate\\Database\\Connection->runQueryCallback('insert into \"te...', Array, Object(Closure))
#1 C:\\Users\\MERSIE\\LaravelProjects\\jumeni2.0\\vendor\\laravel\\framework\\src\\Illuminate\\Database\\Connection.php(459): Illuminate\\Database\\Connection->run('insert into \"te...', Array, Object(Closure))
#2 C:\\Users\\MERSIE\\LaravelProjects\\jumeni2.0\\vendor\\laravel\\framework\\src\\Illuminate\\Database\\Connection.php(411): Illuminate\\Database\\Connection->statement('insert into \"te...', Array)
#3 C:\\Users\\MERSIE\\LaravelProjects\\jumeni2.0\\vendor\\laravel\\framework\\src\\Illuminate\\Database\\Query\\Builder.php(2541): Illuminate\\Database\\Connection->insert('insert into \"te...', Array)
#4 C:\\Users\\MERSIE\\LaravelProjects\\jumeni2.0\\vendor\\laravel\\telescope\\src\\Storage\\DatabaseEntriesRepository.php(116): Illuminate\\Database\\Query\\Builder->insert(Array)
#5 C:\\Users\\MERSIE\\LaravelProjects\\jumeni2.0\\vendor\\laravel\\telescope\\src\\Telescope.php(453): Laravel\\Telescope\\Storage\\DatabaseEntriesRepository->store(Object(Illuminate\\Support\\Collection))
#6 C:\\Users\\MERSIE\\LaravelProjects\\jumeni2.0\\vendor\\laravel\\telescope\\src\\ListensForStorageOpportunities.php(45): Laravel\\Telescope\\Telescope::store(Object(Laravel\\Telescope\\Storage\\DatabaseEntriesRepository))
#7 [internal function]: Laravel\\Telescope\\Telescope::Laravel\\Telescope\\{closure}()
#8 C:\\Users\\MERSIE\\LaravelProjects\\jumeni2.0\\vendor\\laravel\\framework\\src\\Illuminate\\Container\\BoundMethod.php(29): call_user_func_array(Object(Closure), Array)
#9 C:\\Users\\MERSIE\\LaravelProjects\\jumeni2.0\\vendor\\laravel\\framework\\src\\Illuminate\\Container\\BoundMethod.php(75): Illuminate\\Container\\BoundMethod::Illuminate\\Container\\{closure}()
#10 C:\\Users\\MERSIE\\LaravelProjects\\jumeni2.0\\vendor\\laravel\\framework\\src\\Illuminate\\Container\\BoundMethod.php(31): Illuminate\\Container\\BoundMethod::callBoundMethod(Object(Illuminate\\Foundation\\Application), Object(Closure), Object(Closure))
#11 C:\\Users\\MERSIE\\LaravelProjects\\jumeni2.0\\vendor\\laravel\\framework\\src\\Illuminate\\Container\\Container.php(572): Illuminate\\Container\\BoundMethod::call(Object(Illuminate\\Foundation\\Application), Object(Closure), Array, NULL)
#12 C:\\Users\\MERSIE\\LaravelProjects\\jumeni2.0\\vendor\\laravel\\framework\\src\\Illuminate\\Foundation\\Application.php(965): Illuminate\\Container\\Container->call(Object(Closure))
#13 C:\\Users\\MERSIE\\LaravelProjects\\jumeni2.0\\vendor\\laravel\\framework\\src\\Illuminate\\Foundation\\Console\\Kernel.php(149): Illuminate\\Foundation\\Application->terminate()
#14 C:\\Users\\MERSIE\\LaravelProjects\\jumeni2.0\\artisan(51): Illuminate\\Foundation\\Console\\Kernel->terminate(Object(Symfony\\Component\\Console\\Input\\ArgvInput), 0)
#15 {main}
"} 
[2019-01-14 15:33:41] local.ERROR: Database (C:\Users\MERSIE\LaravelProjects\jumeni2.0\database\database.sqlite) does not exist. (SQL: insert into "telescope_entries" ("batch_id", "content", "created_at", "type", "uuid") values (8cbe13b2-c5ab-4364-b889-addd2c5621d9, {"command":"package:discover","exit_code":0,"arguments":{"command":"package:discover"},"options":{"help":false,"quiet":false,"verbose":false,"version":false,"ansi":true,"no-ansi":false,"no-interaction":false,"env":null},"output":"","hostname":"DESKTOP-D6L0K02"}, 2019-01-14 15:33:41, command, 8cbe13b2-bb8b-43b0-b60c-87434204c2b9)) {"exception":"[object] (Illuminate\\Database\\QueryException(code: 0): Database (C:\\Users\\MERSIE\\LaravelProjects\\jumeni2.0\\database\\database.sqlite) does not exist. (SQL: insert into \"telescope_entries\" (\"batch_id\", \"content\", \"created_at\", \"type\", \"uuid\") values (8cbe13b2-c5ab-4364-b889-addd2c5621d9, {\"command\":\"package:discover\",\"exit_code\":0,\"arguments\":{\"command\":\"package:discover\"},\"options\":{\"help\":false,\"quiet\":false,\"verbose\":false,\"version\":false,\"ansi\":true,\"no-ansi\":false,\"no-interaction\":false,\"env\":null},\"output\":\"\",\"hostname\":\"DESKTOP-D6L0K02\"}, 2019-01-14 15:33:41, command, 8cbe13b2-bb8b-43b0-b60c-87434204c2b9)) at C:\\Users\\MERSIE\\LaravelProjects\\jumeni2.0\\vendor\\laravel\\framework\\src\\Illuminate\\Database\\Connection.php:664, InvalidArgumentException(code: 0): Database (C:\\Users\\MERSIE\\LaravelProjects\\jumeni2.0\\database\\database.sqlite) does not exist. at C:\\Users\\MERSIE\\LaravelProjects\\jumeni2.0\\vendor\\laravel\\framework\\src\\Illuminate\\Database\\Connectors\\SQLiteConnector.php:34)
[stacktrace]
#0 C:\\Users\\MERSIE\\LaravelProjects\\jumeni2.0\\vendor\\laravel\\framework\\src\\Illuminate\\Database\\Connection.php(624): Illuminate\\Database\\Connection->runQueryCallback('insert into \"te...', Array, Object(Closure))
#1 C:\\Users\\MERSIE\\LaravelProjects\\jumeni2.0\\vendor\\laravel\\framework\\src\\Illuminate\\Database\\Connection.php(459): Illuminate\\Database\\Connection->run('insert into \"te...', Array, Object(Closure))
#2 C:\\Users\\MERSIE\\LaravelProjects\\jumeni2.0\\vendor\\laravel\\framework\\src\\Illuminate\\Database\\Connection.php(411): Illuminate\\Database\\Connection->statement('insert into \"te...', Array)
#3 C:\\Users\\MERSIE\\LaravelProjects\\jumeni2.0\\vendor\\laravel\\framework\\src\\Illuminate\\Database\\Query\\Builder.php(2541): Illuminate\\Database\\Connection->insert('insert into \"te...', Array)
#4 C:\\Users\\MERSIE\\LaravelProjects\\jumeni2.0\\vendor\\laravel\\telescope\\src\\Storage\\DatabaseEntriesRepository.php(116): Illuminate\\Database\\Query\\Builder->insert(Array)
#5 C:\\Users\\MERSIE\\LaravelProjects\\jumeni2.0\\vendor\\laravel\\telescope\\src\\Telescope.php(453): Laravel\\Telescope\\Storage\\DatabaseEntriesRepository->store(Object(Illuminate\\Support\\Collection))
#6 C:\\Users\\MERSIE\\LaravelProjects\\jumeni2.0\\vendor\\laravel\\telescope\\src\\ListensForStorageOpportunities.php(45): Laravel\\Telescope\\Telescope::store(Object(Laravel\\Telescope\\Storage\\DatabaseEntriesRepository))
#7 [internal function]: Laravel\\Telescope\\Telescope::Laravel\\Telescope\\{closure}()
#8 C:\\Users\\MERSIE\\LaravelProjects\\jumeni2.0\\vendor\\laravel\\framework\\src\\Illuminate\\Container\\BoundMethod.php(29): call_user_func_array(Object(Closure), Array)
#9 C:\\Users\\MERSIE\\LaravelProjects\\jumeni2.0\\vendor\\laravel\\framework\\src\\Illuminate\\Container\\BoundMethod.php(75): Illuminate\\Container\\BoundMethod::Illuminate\\Container\\{closure}()
#10 C:\\Users\\MERSIE\\LaravelProjects\\jumeni2.0\\vendor\\laravel\\framework\\src\\Illuminate\\Container\\BoundMethod.php(31): Illuminate\\Container\\BoundMethod::callBoundMethod(Object(Illuminate\\Foundation\\Application), Object(Closure), Object(Closure))
#11 C:\\Users\\MERSIE\\LaravelProjects\\jumeni2.0\\vendor\\laravel\\framework\\src\\Illuminate\\Container\\Container.php(572): Illuminate\\Container\\BoundMethod::call(Object(Illuminate\\Foundation\\Application), Object(Closure), Array, NULL)
#12 C:\\Users\\MERSIE\\LaravelProjects\\jumeni2.0\\vendor\\laravel\\framework\\src\\Illuminate\\Foundation\\Application.php(965): Illuminate\\Container\\Container->call(Object(Closure))
#13 C:\\Users\\MERSIE\\LaravelProjects\\jumeni2.0\\vendor\\laravel\\framework\\src\\Illuminate\\Foundation\\Console\\Kernel.php(149): Illuminate\\Foundation\\Application->terminate()
#14 C:\\Users\\MERSIE\\LaravelProjects\\jumeni2.0\\artisan(51): Illuminate\\Foundation\\Console\\Kernel->terminate(Object(Symfony\\Component\\Console\\Input\\ArgvInput), 0)
#15 {main}
"} 
